<?xml version="1.0" encoding="UTF-8"?>
<!-- Generated by org.testng.reporters.JUnitReportReporter -->
<testsuite hostname="laptop" name="base.tests.RunTestNG" tests="3" failures="0" timestamp="16 Jan 2021 01:17:48 GMT" time="23.211" errors="0">
  <testcase name="scenario3" time="0.001" classname="base.tests.RunTestNG"/>
  <testcase name="scenario2" time="23.201" classname="base.tests.RunTestNG"/>
  <testcase name="scenario1" time="0.009" classname="base.tests.RunTestNG"/>
</testsuite> <!-- base.tests.RunTestNG -->
